-------------------------------------------------------------------------------
Test set: org.gridgain.demo.springdata.IgniteSpringDataDemoApplicationTests
-------------------------------------------------------------------------------
Tests run: 1, Failures: 0, Errors: 1, Skipped: 0, Time elapsed: 10.194 s <<< FAILURE! - in org.gridgain.demo.springdata.IgniteSpringDataDemoApplicationTests
contextLoads  Time elapsed: 0.002 s  <<< ERROR!
java.lang.IllegalStateException: Failed to load ApplicationContext
Caused by: org.springframework.beans.factory.UnsatisfiedDependencyException: 
Error creating bean with name 'documentationPluginsBootstrapper' defined in URL [jar:file:/C:/Users/vivek/.m2/repository/io/springfox/springfox-spring-web/2.4.0/springfox-spring-web-2.4.0.jar!/springfox/documentation/spring/web/plugins/DocumentationPluginsBootstrapper.class]: Unsatisfied dependency expressed through constructor parameter 1; nested exception is org.springframework.beans.factory.UnsatisfiedDependencyException: Error creating bean with name 'webMvcRequestHandlerProvider' defined in URL [jar:file:/C:/Users/vivek/.m2/repository/io/springfox/springfox-spring-web/2.4.0/springfox-spring-web-2.4.0.jar!/springfox/documentation/spring/web/plugins/WebMvcRequestHandlerProvider.class]: Unsatisfied dependency expressed through constructor parameter 0; nested exception is org.springframework.beans.factory.BeanCreationException: Error creating bean with name 'requestMappingHandlerMapping' defined in class path resource [org/springframework/boot/autoconfigure/web/servlet/WebMvcAutoConfiguration$EnableWebMvcConfiguration.class]: Invocation of init method failed; nested exception is java.lang.IllegalStateException: Ambiguous mapping. Cannot map 'worldDatabaseController' method 
org.gridgain.demo.springdata.controller.WorldDatabaseController#addCity(CityDTO)
to {POST /api/city}: There is already 'worldDatabaseController' bean method
org.gridgain.demo.springdata.controller.WorldDatabaseController#updateCity(CityDTO) mapped.
Caused by: org.springframework.beans.factory.UnsatisfiedDependencyException: 
Error creating bean with name 'webMvcRequestHandlerProvider' defined in URL [jar:file:/C:/Users/vivek/.m2/repository/io/springfox/springfox-spring-web/2.4.0/springfox-spring-web-2.4.0.jar!/springfox/documentation/spring/web/plugins/WebMvcRequestHandlerProvider.class]: Unsatisfied dependency expressed through constructor parameter 0; nested exception is org.springframework.beans.factory.BeanCreationException: Error creating bean with name 'requestMappingHandlerMapping' defined in class path resource [org/springframework/boot/autoconfigure/web/servlet/WebMvcAutoConfiguration$EnableWebMvcConfiguration.class]: Invocation of init method failed; nested exception is java.lang.IllegalStateException: Ambiguous mapping. Cannot map 'worldDatabaseController' method 
org.gridgain.demo.springdata.controller.WorldDatabaseController#addCity(CityDTO)
to {POST /api/city}: There is already 'worldDatabaseController' bean method
org.gridgain.demo.springdata.controller.WorldDatabaseController#updateCity(CityDTO) mapped.
Caused by: org.springframework.beans.factory.BeanCreationException: 
Error creating bean with name 'requestMappingHandlerMapping' defined in class path resource [org/springframework/boot/autoconfigure/web/servlet/WebMvcAutoConfiguration$EnableWebMvcConfiguration.class]: Invocation of init method failed; nested exception is java.lang.IllegalStateException: Ambiguous mapping. Cannot map 'worldDatabaseController' method 
org.gridgain.demo.springdata.controller.WorldDatabaseController#addCity(CityDTO)
to {POST /api/city}: There is already 'worldDatabaseController' bean method
org.gridgain.demo.springdata.controller.WorldDatabaseController#updateCity(CityDTO) mapped.
Caused by: java.lang.IllegalStateException: 
Ambiguous mapping. Cannot map 'worldDatabaseController' method 
org.gridgain.demo.springdata.controller.WorldDatabaseController#addCity(CityDTO)
to {POST /api/city}: There is already 'worldDatabaseController' bean method
org.gridgain.demo.springdata.controller.WorldDatabaseController#updateCity(CityDTO) mapped.

